<?xml version="1.0" encoding="UTF-8"?>
<!-- Generated by org.testng.reporters.JUnitReportReporter -->
<testsuite skipped="3" hostname="DESKTOP-J3B0T30" name="testcases.WashURL" tests="3" failures="0" timestamp="16 May 2017 11:56:30 GMT" time="0.001" errors="0">
  <testcase name="testWashURLEditCount" time="0.000" classname="testcases.WashURL">
    <skipped/>
  </testcase> <!-- testWashURLEditCount -->
  <testcase name="testWashURLEditCount" time="0.001" classname="testcases.WashURL">
    <skipped/>
  </testcase> <!-- testWashURLEditCount -->
  <testcase name="testWashURLEditCount" time="0.000" classname="testcases.WashURL">
    <skipped/>
  </testcase> <!-- testWashURLEditCount -->
</testsuite> <!-- testcases.WashURL -->
